<?xml version="1.0" encoding="UTF-8"?>
<testsuites name="Login" time="211.679" tests="3" failures="0" errors="0">
   <testsuite name="Login" tests="3" failures="0" errors="0" time="211.679" skipped="0" timestamp="13-02-2024T16:37:37" hostname="LENOVO - DESKTOP-SKHBD1C" id="Test Suites/Login">
      <properties>
         <property name="deviceName" value="emulator-5554 (Android SDK built for x86 - Android 7.0)"/>
         <property name="devicePlatform" value=""/>
         <property name="logFolder" value="C:\\Users\\LENOVO\\git\\katalon-finalmobile-Zahwa-Aqila-Nabilia-S\\Reports\\20240213_163726\\Login\\20240213_163726"/>
         <property name="logFiles" value="C:\\Users\\LENOVO\\git\\katalon-finalmobile-Zahwa-Aqila-Nabilia-S\\Reports\\20240213_163726\\Login\\20240213_163726\\appium.log, C:\\Users\\LENOVO\\git\\katalon-finalmobile-Zahwa-Aqila-Nabilia-S\\Reports\\20240213_163726\\Login\\20240213_163726\\appium_error.log, C:\\Users\\LENOVO\\git\\katalon-finalmobile-Zahwa-Aqila-Nabilia-S\\Reports\\20240213_163726\\Login\\20240213_163726\\execution0.log"/>
         <property name="attachments" value=""/>
         <property name="hostName" value="LENOVO - DESKTOP-SKHBD1C"/>
         <property name="os" value="Windows 11 64bit"/>
         <property name="appiumServerStatus" value="{&quot;value&quot;:{&quot;ready&quot;:true,&quot;message&quot;:&quot;The server is ready to accept new connections&quot;,&quot;build&quot;:{&quot;version&quot;:&quot;2.5.0&quot;}}}"/>
         <property name="katalonVersion" value="9.2.0.212"/>
         <property name="deviceOS" value="Android"/>
         <property name="appiumVersion" value="2.5.0"/>
         <property name="deviceModel" value="Android SDK built for x86"/>
         <property name="hostAddress" value="172.16.38.210"/>
         <property name="deviceManufacturer" value="Google"/>
         <property name="deviceId" value="emulator-5554"/>
         <property name="deviceName" value="emulator-5554 (Android SDK built for x86 - Android 7.0)"/>
         <property name="deviceOSVersion" value="7.0"/>
      </properties>
      <testcase name="Test Cases/Login/Login - Berhasil" time="67.262" classname="Test Cases/Login/Login - Berhasil" status="PASSED">
         <system-out><![CDATA[13-02-2024T16:37:37 - [TEST_CASE][PASSED] - Test Cases/Login/Login - Berhasil: Test Cases/Login/Login - Berhasil

13-02-2024T16:37:38 - [TEST_STEP][PASSED] - startApplication("C:\Users\LENOVO\Downloads\Advantage+demo+3.2.apk", true): Started app at: 'C:\Users\LENOVO\Downloads\Advantage+demo+3.2.apk'

13-02-2024T16:37:40 - [MESSAGE][INFO] - Detected NodeJS location: "C:\Program Files\nodejs\node.exe"

13-02-2024T16:37:45 - [MESSAGE][INFO] - PATH: C:\Program Files\nodejs;

13-02-2024T16:37:45 - [MESSAGE][INFO] - APPIUM_HOME: C:\Users\LENOVO\.appium

13-02-2024T16:37:45 - [MESSAGE][INFO] - appium outlog: C:\Users\LENOVO\git\katalon-finalmobile-Zahwa-Aqila-Nabilia-S\Reports\20240213_163726\Login\20240213_163726\appium.log

13-02-2024T16:37:45 - [MESSAGE][INFO] - appium errlog: C:\Users\LENOVO\git\katalon-finalmobile-Zahwa-Aqila-Nabilia-S\Reports\20240213_163726\Login\20240213_163726\appium_error.log

13-02-2024T16:37:53 - [MESSAGE][INFO] - Appium server started on port 58,149

13-02-2024T16:38:22 - [MESSAGE][PASSED] - Started app at: 'C:\Users\LENOVO\Downloads\Advantage+demo+3.2.apk'

13-02-2024T16:38:22 - [TEST_STEP][PASSED] - tap(findTestObject("Object Repository/Login Berhasil/android.widget.ImageView"), 0): Tapped on element 'Object Repository/Login Berhasil/android.widget.ImageView'

13-02-2024T16:38:23 - [MESSAGE][WARNING] - Timeout '0' is invalid. Using default page load timeout: '30'

13-02-2024T16:38:25 - [MESSAGE][PASSED] - Tapped on element 'Object Repository/Login Berhasil/android.widget.ImageView'

13-02-2024T16:38:25 - [TEST_STEP][PASSED] - tap(findTestObject("Object Repository/Login Berhasil/android.widget.LinearLayout"), 0): Tapped on element 'Object Repository/Login Berhasil/android.widget.LinearLayout'

13-02-2024T16:38:25 - [MESSAGE][WARNING] - Timeout '0' is invalid. Using default page load timeout: '30'

13-02-2024T16:38:27 - [MESSAGE][PASSED] - Tapped on element 'Object Repository/Login Berhasil/android.widget.LinearLayout'

13-02-2024T16:38:27 - [TEST_STEP][PASSED] - tap(findTestObject("Object Repository/Login Berhasil/android.widget.EditText"), 0): Tapped on element 'Object Repository/Login Berhasil/android.widget.EditText'

13-02-2024T16:38:27 - [MESSAGE][WARNING] - Timeout '0' is invalid. Using default page load timeout: '30'

13-02-2024T16:38:29 - [MESSAGE][PASSED] - Tapped on element 'Object Repository/Login Berhasil/android.widget.EditText'

13-02-2024T16:38:29 - [TEST_STEP][PASSED] - setText(findTestObject("Object Repository/Login Berhasil/android.widget.EditText"), username, 0): Text 'Lalayeye' has been set to element 'Object Repository/Login Berhasil/android.widget.EditText'

13-02-2024T16:38:29 - [MESSAGE][WARNING] - Timeout '0' is invalid. Using default page load timeout: '30'

13-02-2024T16:38:32 - [MESSAGE][PASSED] - Text 'Lalayeye' has been set to element 'Object Repository/Login Berhasil/android.widget.EditText'

13-02-2024T16:38:32 - [TEST_STEP][PASSED] - hideKeyboard(): Keyboard is hidden

13-02-2024T16:38:34 - [MESSAGE][PASSED] - Keyboard is hidden

13-02-2024T16:38:34 - [TEST_STEP][PASSED] - tap(findTestObject("Object Repository/Login Berhasil/android.widget.EditText (1)"), 0): Tapped on element 'Object Repository/Login Berhasil/android.widget.EditText (1)'

13-02-2024T16:38:34 - [MESSAGE][WARNING] - Timeout '0' is invalid. Using default page load timeout: '30'

13-02-2024T16:38:34 - [MESSAGE][PASSED] - Tapped on element 'Object Repository/Login Berhasil/android.widget.EditText (1)'

13-02-2024T16:38:34 - [TEST_STEP][PASSED] - setText(findTestObject("Object Repository/Login Berhasil/android.widget.EditText (1)"), password, 0): Text '@lalayeye01A' has been set to element 'Object Repository/Login Berhasil/android.widget.EditText (1)'

13-02-2024T16:38:35 - [MESSAGE][WARNING] - Timeout '0' is invalid. Using default page load timeout: '30'

13-02-2024T16:38:36 - [MESSAGE][PASSED] - Text '@lalayeye01A' has been set to element 'Object Repository/Login Berhasil/android.widget.EditText (1)'

13-02-2024T16:38:36 - [TEST_STEP][PASSED] - hideKeyboard(): Keyboard is hidden

13-02-2024T16:38:38 - [MESSAGE][PASSED] - Keyboard is hidden

13-02-2024T16:38:38 - [TEST_STEP][PASSED] - tap(findTestObject("Object Repository/Login Berhasil/android.widget.Button - LOGIN"), 0): Tapped on element 'Object Repository/Login Berhasil/android.widget.Button - LOGIN'

13-02-2024T16:38:38 - [MESSAGE][WARNING] - Timeout '0' is invalid. Using default page load timeout: '30'

13-02-2024T16:38:39 - [MESSAGE][PASSED] - Tapped on element 'Object Repository/Login Berhasil/android.widget.Button - LOGIN'

13-02-2024T16:38:39 - [TEST_STEP][PASSED] - tap(findTestObject("Object Repository/Login Berhasil/android.widget.ImageView"), 0): Tapped on element 'Object Repository/Login Berhasil/android.widget.ImageView'

13-02-2024T16:38:39 - [MESSAGE][WARNING] - Timeout '0' is invalid. Using default page load timeout: '30'

13-02-2024T16:38:42 - [MESSAGE][PASSED] - Tapped on element 'Object Repository/Login Berhasil/android.widget.ImageView'

13-02-2024T16:38:42 - [TEST_STEP][PASSED] - closeApplication(): Close app successfully

13-02-2024T16:38:45 - [MESSAGE][PASSED] - Close app successfully]]></system-out>
         <system-err><![CDATA[]]></system-err>
      </testcase>
      <testcase name="Test Cases/Login/Login - Berhasil" time="36.835" classname="Test Cases/Login/Login - Berhasil" status="PASSED">
         <system-out><![CDATA[13-02-2024T16:39:45 - [TEST_CASE][PASSED] - Test Cases/Login/Login - Berhasil: Test Cases/Login/Login - Berhasil

13-02-2024T16:39:45 - [TEST_STEP][PASSED] - startApplication("C:\Users\LENOVO\Downloads\Advantage+demo+3.2.apk", true): Started app at: 'C:\Users\LENOVO\Downloads\Advantage+demo+3.2.apk'

13-02-2024T16:40:00 - [MESSAGE][PASSED] - Started app at: 'C:\Users\LENOVO\Downloads\Advantage+demo+3.2.apk'

13-02-2024T16:40:00 - [TEST_STEP][PASSED] - tap(findTestObject("Object Repository/Login Berhasil/android.widget.ImageView"), 0): Tapped on element 'Object Repository/Login Berhasil/android.widget.ImageView'

13-02-2024T16:40:00 - [MESSAGE][WARNING] - Timeout '0' is invalid. Using default page load timeout: '30'

13-02-2024T16:40:02 - [MESSAGE][PASSED] - Tapped on element 'Object Repository/Login Berhasil/android.widget.ImageView'

13-02-2024T16:40:02 - [TEST_STEP][PASSED] - tap(findTestObject("Object Repository/Login Berhasil/android.widget.LinearLayout"), 0): Tapped on element 'Object Repository/Login Berhasil/android.widget.LinearLayout'

13-02-2024T16:40:02 - [MESSAGE][WARNING] - Timeout '0' is invalid. Using default page load timeout: '30'

13-02-2024T16:40:03 - [MESSAGE][PASSED] - Tapped on element 'Object Repository/Login Berhasil/android.widget.LinearLayout'

13-02-2024T16:40:03 - [TEST_STEP][PASSED] - tap(findTestObject("Object Repository/Login Berhasil/android.widget.EditText"), 0): Tapped on element 'Object Repository/Login Berhasil/android.widget.EditText'

13-02-2024T16:40:03 - [MESSAGE][WARNING] - Timeout '0' is invalid. Using default page load timeout: '30'

13-02-2024T16:40:05 - [MESSAGE][PASSED] - Tapped on element 'Object Repository/Login Berhasil/android.widget.EditText'

13-02-2024T16:40:05 - [TEST_STEP][PASSED] - setText(findTestObject("Object Repository/Login Berhasil/android.widget.EditText"), username, 0): Text 'hahaio1' has been set to element 'Object Repository/Login Berhasil/android.widget.EditText'

13-02-2024T16:40:05 - [MESSAGE][WARNING] - Timeout '0' is invalid. Using default page load timeout: '30'

13-02-2024T16:40:08 - [MESSAGE][PASSED] - Text 'hahaio1' has been set to element 'Object Repository/Login Berhasil/android.widget.EditText'

13-02-2024T16:40:08 - [TEST_STEP][PASSED] - hideKeyboard(): Keyboard is hidden

13-02-2024T16:40:10 - [MESSAGE][PASSED] - Keyboard is hidden

13-02-2024T16:40:10 - [TEST_STEP][PASSED] - tap(findTestObject("Object Repository/Login Berhasil/android.widget.EditText (1)"), 0): Tapped on element 'Object Repository/Login Berhasil/android.widget.EditText (1)'

13-02-2024T16:40:10 - [MESSAGE][WARNING] - Timeout '0' is invalid. Using default page load timeout: '30'

13-02-2024T16:40:11 - [MESSAGE][PASSED] - Tapped on element 'Object Repository/Login Berhasil/android.widget.EditText (1)'

13-02-2024T16:40:11 - [TEST_STEP][PASSED] - setText(findTestObject("Object Repository/Login Berhasil/android.widget.EditText (1)"), password, 0): Text 'Hahaio1' has been set to element 'Object Repository/Login Berhasil/android.widget.EditText (1)'

13-02-2024T16:40:11 - [MESSAGE][WARNING] - Timeout '0' is invalid. Using default page load timeout: '30'

13-02-2024T16:40:13 - [MESSAGE][PASSED] - Text 'Hahaio1' has been set to element 'Object Repository/Login Berhasil/android.widget.EditText (1)'

13-02-2024T16:40:13 - [TEST_STEP][PASSED] - hideKeyboard(): Keyboard is hidden

13-02-2024T16:40:15 - [MESSAGE][PASSED] - Keyboard is hidden

13-02-2024T16:40:15 - [TEST_STEP][PASSED] - tap(findTestObject("Object Repository/Login Berhasil/android.widget.Button - LOGIN"), 0): Tapped on element 'Object Repository/Login Berhasil/android.widget.Button - LOGIN'

13-02-2024T16:40:15 - [MESSAGE][WARNING] - Timeout '0' is invalid. Using default page load timeout: '30'

13-02-2024T16:40:16 - [MESSAGE][PASSED] - Tapped on element 'Object Repository/Login Berhasil/android.widget.Button - LOGIN'

13-02-2024T16:40:16 - [TEST_STEP][PASSED] - tap(findTestObject("Object Repository/Login Berhasil/android.widget.ImageView"), 0): Tapped on element 'Object Repository/Login Berhasil/android.widget.ImageView'

13-02-2024T16:40:16 - [MESSAGE][WARNING] - Timeout '0' is invalid. Using default page load timeout: '30'

13-02-2024T16:40:18 - [MESSAGE][PASSED] - Tapped on element 'Object Repository/Login Berhasil/android.widget.ImageView'

13-02-2024T16:40:18 - [TEST_STEP][PASSED] - closeApplication(): Close app successfully

13-02-2024T16:40:21 - [MESSAGE][PASSED] - Close app successfully]]></system-out>
         <system-err><![CDATA[]]></system-err>
      </testcase>
      <testcase name="Test Cases/Login/Variation - Username Salah" time="46.998" classname="Test Cases/Login/Variation - Username Salah" status="PASSED">
         <system-out><![CDATA[13-02-2024T16:40:21 - [TEST_CASE][PASSED] - Test Cases/Login/Variation - Username Salah: Test Cases/Login/Variation - Username Salah

13-02-2024T16:40:22 - [TEST_STEP][PASSED] - startApplication("C:\Users\LENOVO\Downloads\Advantage+demo+3.2.apk", true): Started app at: 'C:\Users\LENOVO\Downloads\Advantage+demo+3.2.apk'

13-02-2024T16:40:22 - [MESSAGE][INFO] - Detected NodeJS location: "C:\Program Files\nodejs\node.exe"

13-02-2024T16:40:27 - [MESSAGE][INFO] - PATH: C:\Program Files\nodejs;

13-02-2024T16:40:27 - [MESSAGE][INFO] - APPIUM_HOME: C:\Users\LENOVO\.appium

13-02-2024T16:40:27 - [MESSAGE][INFO] - appium outlog: C:\Users\LENOVO\git\katalon-finalmobile-Zahwa-Aqila-Nabilia-S\Reports\20240213_163726\Login\20240213_163726\appium.log

13-02-2024T16:40:27 - [MESSAGE][INFO] - appium errlog: C:\Users\LENOVO\git\katalon-finalmobile-Zahwa-Aqila-Nabilia-S\Reports\20240213_163726\Login\20240213_163726\appium_error.log

13-02-2024T16:40:35 - [MESSAGE][INFO] - Appium server started on port 59,064

13-02-2024T16:40:52 - [MESSAGE][PASSED] - Started app at: 'C:\Users\LENOVO\Downloads\Advantage+demo+3.2.apk'

13-02-2024T16:40:52 - [TEST_STEP][PASSED] - tap(findTestObject("Object Repository/Login Gagal/android.widget.ImageView"), 0): Tapped on element 'Object Repository/Login Gagal/android.widget.ImageView'

13-02-2024T16:40:52 - [MESSAGE][WARNING] - Timeout '0' is invalid. Using default page load timeout: '30'

13-02-2024T16:40:54 - [MESSAGE][PASSED] - Tapped on element 'Object Repository/Login Gagal/android.widget.ImageView'

13-02-2024T16:40:54 - [TEST_STEP][PASSED] - tap(findTestObject("Object Repository/Login Gagal/android.widget.LinearLayout"), 0): Tapped on element 'Object Repository/Login Gagal/android.widget.LinearLayout'

13-02-2024T16:40:54 - [MESSAGE][WARNING] - Timeout '0' is invalid. Using default page load timeout: '30'

13-02-2024T16:40:55 - [MESSAGE][PASSED] - Tapped on element 'Object Repository/Login Gagal/android.widget.LinearLayout'

13-02-2024T16:40:55 - [TEST_STEP][PASSED] - tap(findTestObject("Object Repository/Login Gagal/android.widget.EditText"), 0): Tapped on element 'Object Repository/Login Gagal/android.widget.EditText'

13-02-2024T16:40:55 - [MESSAGE][WARNING] - Timeout '0' is invalid. Using default page load timeout: '30'

13-02-2024T16:40:57 - [MESSAGE][PASSED] - Tapped on element 'Object Repository/Login Gagal/android.widget.EditText'

13-02-2024T16:40:57 - [TEST_STEP][PASSED] - setText(findTestObject("Object Repository/Login Gagal/android.widget.EditText"), "Lalaye", 0): Text 'Lalaye' has been set to element 'Object Repository/Login Gagal/android.widget.EditText'

13-02-2024T16:40:57 - [MESSAGE][WARNING] - Timeout '0' is invalid. Using default page load timeout: '30'

13-02-2024T16:41:00 - [MESSAGE][PASSED] - Text 'Lalaye' has been set to element 'Object Repository/Login Gagal/android.widget.EditText'

13-02-2024T16:41:00 - [TEST_STEP][PASSED] - tap(findTestObject("Object Repository/Login Gagal/android.widget.EditText (1)"), 0): Tapped on element 'Object Repository/Login Gagal/android.widget.EditText (1)'

13-02-2024T16:41:00 - [MESSAGE][WARNING] - Timeout '0' is invalid. Using default page load timeout: '30'

13-02-2024T16:41:01 - [MESSAGE][PASSED] - Tapped on element 'Object Repository/Login Gagal/android.widget.EditText (1)'

13-02-2024T16:41:01 - [TEST_STEP][PASSED] - setText(findTestObject("Object Repository/Login Gagal/android.widget.EditText (1)"), "@lalayeye01A", 0): Text '@lalayeye01A' has been set to element 'Object Repository/Login Gagal/android.widget.EditText (1)'

13-02-2024T16:41:01 - [MESSAGE][WARNING] - Timeout '0' is invalid. Using default page load timeout: '30'

13-02-2024T16:41:03 - [MESSAGE][PASSED] - Text '@lalayeye01A' has been set to element 'Object Repository/Login Gagal/android.widget.EditText (1)'

13-02-2024T16:41:03 - [TEST_STEP][PASSED] - hideKeyboard(): Keyboard is hidden

13-02-2024T16:41:04 - [MESSAGE][PASSED] - Keyboard is hidden

13-02-2024T16:41:04 - [TEST_STEP][PASSED] - tap(findTestObject("Object Repository/Login Gagal/android.widget.Button - LOGIN"), 0): Tapped on element 'Object Repository/Login Gagal/android.widget.Button - LOGIN'

13-02-2024T16:41:04 - [MESSAGE][WARNING] - Timeout '0' is invalid. Using default page load timeout: '30'

13-02-2024T16:41:05 - [MESSAGE][PASSED] - Tapped on element 'Object Repository/Login Gagal/android.widget.Button - LOGIN'

13-02-2024T16:41:05 - [TEST_STEP][PASSED] - closeApplication(): Close app successfully

13-02-2024T16:41:08 - [MESSAGE][PASSED] - Close app successfully]]></system-out>
         <system-err><![CDATA[]]></system-err>
      </testcase>
      <system-out><![CDATA[13-02-2024T16:37:37 - [TEST_SUITE][FAILED] - Login: Test Cases/Login/Login - Berhasil FAILED.
Reason:
com.kms.katalon.core.exception.StepFailedException: Unable to start app at: 'C:\Users\LENOVO\Downloads\Advantage+demo+3.2.apk'
	at com.kms.katalon.core.mobile.keyword.internal.MobileKeywordMain.stepFailed(MobileKeywordMain.groovy:38)
	at com.kms.katalon.core.mobile.keyword.internal.MobileKeywordMain.runKeyword(MobileKeywordMain.groovy:21)
	at com.kms.katalon.core.mobile.keyword.builtin.StartApplicationKeyword.startApplication(StartApplicationKeyword.groovy:63)
	at com.kms.katalon.core.mobile.keyword.builtin.StartApplicationKeyword.execute(StartApplicationKeyword.groovy:42)
	at com.kms.katalon.core.keyword.internal.KeywordExecutor.executeKeywordForPlatform(KeywordExecutor.groovy:74)
	at com.kms.katalon.core.mobile.keyword.MobileBuiltInKeywords.startApplication(MobileBuiltInKeywords.groovy:78)
	at Login - Berhasil.run(Login - Berhasil:20)
	at com.kms.katalon.core.main.ScriptEngine.run(ScriptEngine.java:194)
	at com.kms.katalon.core.main.ScriptEngine.runScriptAsRawText(ScriptEngine.java:119)
	at com.kms.katalon.core.main.TestCaseExecutor.runScript(TestCaseExecutor.java:448)
	at com.kms.katalon.core.main.TestCaseExecutor.doExecute(TestCaseExecutor.java:439)
	at com.kms.katalon.core.main.TestCaseExecutor.processExecutionPhase(TestCaseExecutor.java:418)
	at com.kms.katalon.core.main.TestCaseExecutor.accessMainPhase(TestCaseExecutor.java:410)
	at com.kms.katalon.core.main.TestCaseExecutor.execute(TestCaseExecutor.java:285)
	at com.kms.katalon.core.common.CommonExecutor.accessTestCaseMainPhase(CommonExecutor.java:65)
	at com.kms.katalon.core.main.TestSuiteExecutor.accessTestSuiteMainPhase(TestSuiteExecutor.java:148)
	at com.kms.katalon.core.main.TestSuiteExecutor.execute(TestSuiteExecutor.java:106)
	at com.kms.katalon.core.main.TestCaseMain.startTestSuite(TestCaseMain.java:180)
	at TempTestSuite1707817046991.run(TempTestSuite1707817046991.groovy:36)
	at java.base/jdk.internal.reflect.NativeMethodAccessorImpl.invoke0(Native Method)
	at java.base/jdk.internal.reflect.NativeMethodAccessorImpl.invoke(NativeMethodAccessorImpl.java:77)
	at java.base/jdk.internal.reflect.DelegatingMethodAccessorImpl.invoke(DelegatingMethodAccessorImpl.java:43)
Caused by: org.openqa.selenium.SessionNotCreatedException: Unable to create a new remote session. Please check the server log for more details. Original error: An unknown server-side error occurred while processing the command. Original error: Cannot start the 'com.Advantage.aShopping' application. Consider checking the driver's troubleshooting documentation. Original error: 'com.Advantage.aShopping.SplashActivity' or 'com.Advantage.aShopping.com.Advantage.aShopping.SplashActivity' never started. Consider checking the driver's troubleshooting documentation.
Build info: version: '3.141.59', revision: 'e82be7d358', time: '2018-11-14T08:25:53'
System info: host: 'DESKTOP-SKHBD1C', ip: '172.16.38.210', os.name: 'Windows 11', os.arch: 'amd64', os.version: '10.0', java.version: '17.0.7'
Driver info: driver.version: SwipeableAndroidDriver
remote stacktrace: UnknownError: An unknown server-side error occurred while processing the command. Original error: Cannot start the 'com.Advantage.aShopping' application. Consider checking the driver's troubleshooting documentation. Original error: 'com.Advantage.aShopping.SplashActivity' or 'com.Advantage.aShopping.com.Advantage.aShopping.SplashActivity' never started. Consider checking the driver's troubleshooting documentation.
    at getResponseForW3CError (C:\Users\LENOVO\AppData\Roaming\npm\node_modules\appium\node_modules\@appium\base-driver\lib\protocol\errors.js:1118:9)
    at asyncHandler (C:\Users\LENOVO\AppData\Roaming\npm\node_modules\appium\node_modules\@appium\base-driver\lib\protocol\protocol.js:491:57)
Build info: version: '3.141.59', revision: 'e82be7d358', time: '2018-11-14T08:25:53'
System info: host: 'DESKTOP-SKHBD1C', ip: '172.16.38.210', os.name: 'Windows 11', os.arch: 'amd64', os.version: '10.0', java.version: '17.0.7'
Driver info: driver.version: SwipeableAndroidDriver
	at io.appium.java_client.remote.AppiumCommandExecutor$1.createSession(AppiumCommandExecutor.java:208)
	at io.appium.java_client.remote.AppiumCommandExecutor.createSession(AppiumCommandExecutor.java:217)
	at io.appium.java_client.remote.AppiumCommandExecutor.execute(AppiumCommandExecutor.java:239)
	at org.openqa.selenium.remote.RemoteWebDriver.execute(RemoteWebDriver.java:552)
	at io.appium.java_client.DefaultGenericMobileDriver.execute(DefaultGenericMobileDriver.java:42)
	at io.appium.java_client.AppiumDriver.execute(AppiumDriver.java:1)
	at io.appium.java_client.android.AndroidDriver.execute(AndroidDriver.java:1)
	at com.kms.katalon.core.appium.driver.SwipeableAndroidDriver.execute(SwipeableAndroidDriver.java:1)
	at org.openqa.selenium.remote.RemoteWebDriver.startSession(RemoteWebDriver.java:213)
	at org.openqa.selenium.remote.RemoteWebDriver.<init>(RemoteWebDriver.java:131)
	at io.appium.java_client.DefaultGenericMobileDriver.<init>(DefaultGenericMobileDriver.java:38)
	at io.appium.java_client.AppiumDriver.<init>(AppiumDriver.java:84)
	at io.appium.java_client.android.AndroidDriver.<init>(AndroidDriver.java:85)
	at com.kms.katalon.core.appium.driver.SwipeableAndroidDriver.<init>(SwipeableAndroidDriver.java:23)
	at com.kms.katalon.core.appium.driver.AppiumDriverManager.createMobileDriver(AppiumDriverManager.java:560)
	at com.kms.katalon.core.appium.driver.AppiumDriverManager.createMobileDriver(AppiumDriverManager.java:542)
	at com.kms.katalon.core.mobile.keyword.internal.MobileDriverFactory.startLocalMobileDriver(MobileDriverFactory.java:589)
	at com.kms.katalon.core.mobile.keyword.internal.MobileDriverFactory.startMobileDriver(MobileDriverFactory.java:502)
	at com.kms.katalon.core.mobile.keyword.builtin.StartApplicationKeyword$_startApplication_closure1.doCall(StartApplicationKeyword.groovy:61)
	at com.kms.katalon.core.mobile.keyword.builtin.StartApplicationKeyword$_startApplication_closure1.call(StartApplicationKeyword.groovy)
	at com.kms.katalon.core.mobile.keyword.internal.MobileKeywordMain.runKeyword(MobileKeywordMain.groovy:19)
	at com.kms.katalon.core.mobile.keyword.builtin.StartApplicationKeyword.startApplication(StartApplicationKeyword.groovy:63)
	at com.kms.katalon.core.mobile.keyword.builtin.StartApplicationKeyword.execute(StartApplicationKeyword.groovy:42)
	at com.kms.katalon.core.keyword.internal.KeywordExecutor.executeKeywordForPlatform(KeywordExecutor.groovy:74)
	at com.kms.katalon.core.mobile.keyword.MobileBuiltInKeywords.startApplication(MobileBuiltInKeywords.groovy:78)
	at Script1707813458258.run(Script1707813458258.groovy:20)
	... 15 more
Caused by: java.lang.reflect.InvocationTargetException
	at java.base/jdk.internal.reflect.NativeMethodAccessorImpl.invoke0(Native Method)
	at java.base/jdk.internal.reflect.NativeMethodAccessorImpl.invoke(NativeMethodAccessorImpl.java:77)
	at java.base/jdk.internal.reflect.DelegatingMethodAccessorImpl.invoke(DelegatingMethodAccessorImpl.java:43)
	at io.appium.java_client.remote.AppiumCommandExecutor$1.createSession(AppiumCommandExecutor.java:186)
	... 40 more
Caused by: org.openqa.selenium.WebDriverException: An unknown server-side error occurred while processing the command. Original error: Cannot start the 'com.Advantage.aShopping' application. Consider checking the driver's troubleshooting documentation. Original error: 'com.Advantage.aShopping.SplashActivity' or 'com.Advantage.aShopping.com.Advantage.aShopping.SplashActivity' never started. Consider checking the driver's troubleshooting documentation.
Build info: version: '3.141.59', revision: 'e82be7d358', time: '2018-11-14T08:25:53'
System info: host: 'DESKTOP-SKHBD1C', ip: '172.16.38.210', os.name: 'Windows 11', os.arch: 'amd64', os.version: '10.0', java.version: '17.0.7'
Driver info: driver.version: SwipeableAndroidDriver
remote stacktrace: UnknownError: An unknown server-side error occurred while processing the command. Original error: Cannot start the 'com.Advantage.aShopping' application. Consider checking the driver's troubleshooting documentation. Original error: 'com.Advantage.aShopping.SplashActivity' or 'com.Advantage.aShopping.com.Advantage.aShopping.SplashActivity' never started. Consider checking the driver's troubleshooting documentation.
    at getResponseForW3CError (C:\Users\LENOVO\AppData\Roaming\npm\node_modules\appium\node_modules\@appium\base-driver\lib\protocol\errors.js:1118:9)
    at asyncHandler (C:\Users\LENOVO\AppData\Roaming\npm\node_modules\appium\node_modules\@appium\base-driver\lib\protocol\protocol.js:491:57)
	at java.base/jdk.internal.reflect.NativeConstructorAccessorImpl.newInstance0(Native Method)
	at java.base/jdk.internal.reflect.NativeConstructorAccessorImpl.newInstance(NativeConstructorAccessorImpl.java:77)
	at java.base/jdk.internal.reflect.DelegatingConstructorAccessorImpl.newInstance(DelegatingConstructorAccessorImpl.java:45)
	at org.openqa.selenium.remote.W3CHandshakeResponse.lambda$errorHandler$0(W3CHandshakeResponse.java:62)
	at org.openqa.selenium.remote.HandshakeResponse.lambda$getResponseFunction$0(HandshakeResponse.java:30)
	at org.openqa.selenium.remote.ProtocolHandshake.lambda$createSession$0(ProtocolHandshake.java:126)
	at org.openqa.selenium.remote.ProtocolHandshake.createSession(ProtocolHandshake.java:128)
	at java.base/jdk.internal.reflect.NativeMethodAccessorImpl.invoke0(Native Method)
	at java.base/jdk.internal.reflect.NativeMethodAccessorImpl.invoke(NativeMethodAccessorImpl.java:77)
	at java.base/jdk.internal.reflect.DelegatingMethodAccessorImpl.invoke(DelegatingMethodAccessorImpl.java:43)
	at io.appium.java_client.remote.AppiumCommandExecutor$1.createSession(AppiumCommandExecutor.java:186)
	at io.appium.java_client.remote.AppiumCommandExecutor.createSession(AppiumCommandExecutor.java:217)
	at io.appium.java_client.remote.AppiumCommandExecutor.execute(AppiumCommandExecutor.java:239)
	at org.openqa.selenium.remote.RemoteWebDriver.execute(RemoteWebDriver.java:552)
	at io.appium.java_client.DefaultGenericMobileDriver.execute(DefaultGenericMobileDriver.java:42)
	at io.appium.java_client.AppiumDriver.execute(AppiumDriver.java:1)
	at io.appium.java_client.android.AndroidDriver.execute(AndroidDriver.java:1)
	at com.kms.katalon.core.appium.driver.SwipeableAndroidDriver.execute(SwipeableAndroidDriver.java:1)
	at org.openqa.selenium.remote.RemoteWebDriver.startSession(RemoteWebDriver.java:213)
	at org.openqa.selenium.remote.RemoteWebDriver.<init>(RemoteWebDriver.java:131)
	at io.appium.java_client.DefaultGenericMobileDriver.<init>(DefaultGenericMobileDriver.java:38)
	at io.appium.java_client.AppiumDriver.<init>(AppiumDriver.java:84)
	at io.appium.java_client.android.AndroidDriver.<init>(AndroidDriver.java:85)
	at com.kms.katalon.core.appium.driver.SwipeableAndroidDriver.<init>(SwipeableAndroidDriver.java:23)
	at com.kms.katalon.core.appium.driver.AppiumDriverManager.createMobileDriver(AppiumDriverManager.java:560)
	at com.kms.katalon.core.appium.driver.AppiumDriverManager.createMobileDriver(AppiumDriverManager.java:542)
	at com.kms.katalon.core.mobile.keyword.internal.MobileDriverFactory.startLocalMobileDriver(MobileDriverFactory.java:589)
	at com.kms.katalon.core.mobile.keyword.internal.MobileDriverFactory.startMobileDriver(MobileDriverFactory.java:502)
	at com.kms.katalon.core.mobile.keyword.builtin.StartApplicationKeyword$_startApplication_closure1.doCall(StartApplicationKeyword.groovy:61)
	at com.kms.katalon.core.mobile.keyword.builtin.StartApplicationKeyword$_startApplication_closure1.call(StartApplicationKeyword.groovy)
	at com.kms.katalon.core.mobile.keyword.internal.MobileKeywordMain.runKeyword(MobileKeywordMain.groovy:19)
	at com.kms.katalon.core.mobile.keyword.builtin.StartApplicationKeyword.startApplication(StartApplicationKeyword.groovy:63)
	at com.kms.katalon.core.mobile.keyword.builtin.StartApplicationKeyword.execute(StartApplicationKeyword.groovy:42)
	at com.kms.katalon.core.keyword.internal.KeywordExecutor.executeKeywordForPlatform(KeywordExecutor.groovy:74)
	at com.kms.katalon.core.mobile.keyword.MobileBuiltInKeywords.startApplication(MobileBuiltInKeywords.groovy:78)
	at Login - Berhasil.run(Login - Berhasil:20)
	... 15 more]]></system-out>
      <system-err><![CDATA[13-02-2024T16:37:37 - [TEST_SUITE][FAILED] - Login: Test Cases/Login/Login - Berhasil FAILED.
Reason:
com.kms.katalon.core.exception.StepFailedException: Unable to start app at: 'C:\Users\LENOVO\Downloads\Advantage+demo+3.2.apk'
	at com.kms.katalon.core.mobile.keyword.internal.MobileKeywordMain.stepFailed(MobileKeywordMain.groovy:38)
	at com.kms.katalon.core.mobile.keyword.internal.MobileKeywordMain.runKeyword(MobileKeywordMain.groovy:21)
	at com.kms.katalon.core.mobile.keyword.builtin.StartApplicationKeyword.startApplication(StartApplicationKeyword.groovy:63)
	at com.kms.katalon.core.mobile.keyword.builtin.StartApplicationKeyword.execute(StartApplicationKeyword.groovy:42)
	at com.kms.katalon.core.keyword.internal.KeywordExecutor.executeKeywordForPlatform(KeywordExecutor.groovy:74)
	at com.kms.katalon.core.mobile.keyword.MobileBuiltInKeywords.startApplication(MobileBuiltInKeywords.groovy:78)
	at Login - Berhasil.run(Login - Berhasil:20)
	at com.kms.katalon.core.main.ScriptEngine.run(ScriptEngine.java:194)
	at com.kms.katalon.core.main.ScriptEngine.runScriptAsRawText(ScriptEngine.java:119)
	at com.kms.katalon.core.main.TestCaseExecutor.runScript(TestCaseExecutor.java:448)
	at com.kms.katalon.core.main.TestCaseExecutor.doExecute(TestCaseExecutor.java:439)
	at com.kms.katalon.core.main.TestCaseExecutor.processExecutionPhase(TestCaseExecutor.java:418)
	at com.kms.katalon.core.main.TestCaseExecutor.accessMainPhase(TestCaseExecutor.java:410)
	at com.kms.katalon.core.main.TestCaseExecutor.execute(TestCaseExecutor.java:285)
	at com.kms.katalon.core.common.CommonExecutor.accessTestCaseMainPhase(CommonExecutor.java:65)
	at com.kms.katalon.core.main.TestSuiteExecutor.accessTestSuiteMainPhase(TestSuiteExecutor.java:148)
	at com.kms.katalon.core.main.TestSuiteExecutor.execute(TestSuiteExecutor.java:106)
	at com.kms.katalon.core.main.TestCaseMain.startTestSuite(TestCaseMain.java:180)
	at TempTestSuite1707817046991.run(TempTestSuite1707817046991.groovy:36)
	at java.base/jdk.internal.reflect.NativeMethodAccessorImpl.invoke0(Native Method)
	at java.base/jdk.internal.reflect.NativeMethodAccessorImpl.invoke(NativeMethodAccessorImpl.java:77)
	at java.base/jdk.internal.reflect.DelegatingMethodAccessorImpl.invoke(DelegatingMethodAccessorImpl.java:43)
Caused by: org.openqa.selenium.SessionNotCreatedException: Unable to create a new remote session. Please check the server log for more details. Original error: An unknown server-side error occurred while processing the command. Original error: Cannot start the 'com.Advantage.aShopping' application. Consider checking the driver's troubleshooting documentation. Original error: 'com.Advantage.aShopping.SplashActivity' or 'com.Advantage.aShopping.com.Advantage.aShopping.SplashActivity' never started. Consider checking the driver's troubleshooting documentation.
Build info: version: '3.141.59', revision: 'e82be7d358', time: '2018-11-14T08:25:53'
System info: host: 'DESKTOP-SKHBD1C', ip: '172.16.38.210', os.name: 'Windows 11', os.arch: 'amd64', os.version: '10.0', java.version: '17.0.7'
Driver info: driver.version: SwipeableAndroidDriver
remote stacktrace: UnknownError: An unknown server-side error occurred while processing the command. Original error: Cannot start the 'com.Advantage.aShopping' application. Consider checking the driver's troubleshooting documentation. Original error: 'com.Advantage.aShopping.SplashActivity' or 'com.Advantage.aShopping.com.Advantage.aShopping.SplashActivity' never started. Consider checking the driver's troubleshooting documentation.
    at getResponseForW3CError (C:\Users\LENOVO\AppData\Roaming\npm\node_modules\appium\node_modules\@appium\base-driver\lib\protocol\errors.js:1118:9)
    at asyncHandler (C:\Users\LENOVO\AppData\Roaming\npm\node_modules\appium\node_modules\@appium\base-driver\lib\protocol\protocol.js:491:57)
Build info: version: '3.141.59', revision: 'e82be7d358', time: '2018-11-14T08:25:53'
System info: host: 'DESKTOP-SKHBD1C', ip: '172.16.38.210', os.name: 'Windows 11', os.arch: 'amd64', os.version: '10.0', java.version: '17.0.7'
Driver info: driver.version: SwipeableAndroidDriver
	at io.appium.java_client.remote.AppiumCommandExecutor$1.createSession(AppiumCommandExecutor.java:208)
	at io.appium.java_client.remote.AppiumCommandExecutor.createSession(AppiumCommandExecutor.java:217)
	at io.appium.java_client.remote.AppiumCommandExecutor.execute(AppiumCommandExecutor.java:239)
	at org.openqa.selenium.remote.RemoteWebDriver.execute(RemoteWebDriver.java:552)
	at io.appium.java_client.DefaultGenericMobileDriver.execute(DefaultGenericMobileDriver.java:42)
	at io.appium.java_client.AppiumDriver.execute(AppiumDriver.java:1)
	at io.appium.java_client.android.AndroidDriver.execute(AndroidDriver.java:1)
	at com.kms.katalon.core.appium.driver.SwipeableAndroidDriver.execute(SwipeableAndroidDriver.java:1)
	at org.openqa.selenium.remote.RemoteWebDriver.startSession(RemoteWebDriver.java:213)
	at org.openqa.selenium.remote.RemoteWebDriver.<init>(RemoteWebDriver.java:131)
	at io.appium.java_client.DefaultGenericMobileDriver.<init>(DefaultGenericMobileDriver.java:38)
	at io.appium.java_client.AppiumDriver.<init>(AppiumDriver.java:84)
	at io.appium.java_client.android.AndroidDriver.<init>(AndroidDriver.java:85)
	at com.kms.katalon.core.appium.driver.SwipeableAndroidDriver.<init>(SwipeableAndroidDriver.java:23)
	at com.kms.katalon.core.appium.driver.AppiumDriverManager.createMobileDriver(AppiumDriverManager.java:560)
	at com.kms.katalon.core.appium.driver.AppiumDriverManager.createMobileDriver(AppiumDriverManager.java:542)
	at com.kms.katalon.core.mobile.keyword.internal.MobileDriverFactory.startLocalMobileDriver(MobileDriverFactory.java:589)
	at com.kms.katalon.core.mobile.keyword.internal.MobileDriverFactory.startMobileDriver(MobileDriverFactory.java:502)
	at com.kms.katalon.core.mobile.keyword.builtin.StartApplicationKeyword$_startApplication_closure1.doCall(StartApplicationKeyword.groovy:61)
	at com.kms.katalon.core.mobile.keyword.builtin.StartApplicationKeyword$_startApplication_closure1.call(StartApplicationKeyword.groovy)
	at com.kms.katalon.core.mobile.keyword.internal.MobileKeywordMain.runKeyword(MobileKeywordMain.groovy:19)
	at com.kms.katalon.core.mobile.keyword.builtin.StartApplicationKeyword.startApplication(StartApplicationKeyword.groovy:63)
	at com.kms.katalon.core.mobile.keyword.builtin.StartApplicationKeyword.execute(StartApplicationKeyword.groovy:42)
	at com.kms.katalon.core.keyword.internal.KeywordExecutor.executeKeywordForPlatform(KeywordExecutor.groovy:74)
	at com.kms.katalon.core.mobile.keyword.MobileBuiltInKeywords.startApplication(MobileBuiltInKeywords.groovy:78)
	at Script1707813458258.run(Script1707813458258.groovy:20)
	... 15 more
Caused by: java.lang.reflect.InvocationTargetException
	at java.base/jdk.internal.reflect.NativeMethodAccessorImpl.invoke0(Native Method)
	at java.base/jdk.internal.reflect.NativeMethodAccessorImpl.invoke(NativeMethodAccessorImpl.java:77)
	at java.base/jdk.internal.reflect.DelegatingMethodAccessorImpl.invoke(DelegatingMethodAccessorImpl.java:43)
	at io.appium.java_client.remote.AppiumCommandExecutor$1.createSession(AppiumCommandExecutor.java:186)
	... 40 more
Caused by: org.openqa.selenium.WebDriverException: An unknown server-side error occurred while processing the command. Original error: Cannot start the 'com.Advantage.aShopping' application. Consider checking the driver's troubleshooting documentation. Original error: 'com.Advantage.aShopping.SplashActivity' or 'com.Advantage.aShopping.com.Advantage.aShopping.SplashActivity' never started. Consider checking the driver's troubleshooting documentation.
Build info: version: '3.141.59', revision: 'e82be7d358', time: '2018-11-14T08:25:53'
System info: host: 'DESKTOP-SKHBD1C', ip: '172.16.38.210', os.name: 'Windows 11', os.arch: 'amd64', os.version: '10.0', java.version: '17.0.7'
Driver info: driver.version: SwipeableAndroidDriver
remote stacktrace: UnknownError: An unknown server-side error occurred while processing the command. Original error: Cannot start the 'com.Advantage.aShopping' application. Consider checking the driver's troubleshooting documentation. Original error: 'com.Advantage.aShopping.SplashActivity' or 'com.Advantage.aShopping.com.Advantage.aShopping.SplashActivity' never started. Consider checking the driver's troubleshooting documentation.
    at getResponseForW3CError (C:\Users\LENOVO\AppData\Roaming\npm\node_modules\appium\node_modules\@appium\base-driver\lib\protocol\errors.js:1118:9)
    at asyncHandler (C:\Users\LENOVO\AppData\Roaming\npm\node_modules\appium\node_modules\@appium\base-driver\lib\protocol\protocol.js:491:57)
	at java.base/jdk.internal.reflect.NativeConstructorAccessorImpl.newInstance0(Native Method)
	at java.base/jdk.internal.reflect.NativeConstructorAccessorImpl.newInstance(NativeConstructorAccessorImpl.java:77)
	at java.base/jdk.internal.reflect.DelegatingConstructorAccessorImpl.newInstance(DelegatingConstructorAccessorImpl.java:45)
	at org.openqa.selenium.remote.W3CHandshakeResponse.lambda$errorHandler$0(W3CHandshakeResponse.java:62)
	at org.openqa.selenium.remote.HandshakeResponse.lambda$getResponseFunction$0(HandshakeResponse.java:30)
	at org.openqa.selenium.remote.ProtocolHandshake.lambda$createSession$0(ProtocolHandshake.java:126)
	at org.openqa.selenium.remote.ProtocolHandshake.createSession(ProtocolHandshake.java:128)
	at java.base/jdk.internal.reflect.NativeMethodAccessorImpl.invoke0(Native Method)
	at java.base/jdk.internal.reflect.NativeMethodAccessorImpl.invoke(NativeMethodAccessorImpl.java:77)
	at java.base/jdk.internal.reflect.DelegatingMethodAccessorImpl.invoke(DelegatingMethodAccessorImpl.java:43)
	at io.appium.java_client.remote.AppiumCommandExecutor$1.createSession(AppiumCommandExecutor.java:186)
	at io.appium.java_client.remote.AppiumCommandExecutor.createSession(AppiumCommandExecutor.java:217)
	at io.appium.java_client.remote.AppiumCommandExecutor.execute(AppiumCommandExecutor.java:239)
	at org.openqa.selenium.remote.RemoteWebDriver.execute(RemoteWebDriver.java:552)
	at io.appium.java_client.DefaultGenericMobileDriver.execute(DefaultGenericMobileDriver.java:42)
	at io.appium.java_client.AppiumDriver.execute(AppiumDriver.java:1)
	at io.appium.java_client.android.AndroidDriver.execute(AndroidDriver.java:1)
	at com.kms.katalon.core.appium.driver.SwipeableAndroidDriver.execute(SwipeableAndroidDriver.java:1)
	at org.openqa.selenium.remote.RemoteWebDriver.startSession(RemoteWebDriver.java:213)
	at org.openqa.selenium.remote.RemoteWebDriver.<init>(RemoteWebDriver.java:131)
	at io.appium.java_client.DefaultGenericMobileDriver.<init>(DefaultGenericMobileDriver.java:38)
	at io.appium.java_client.AppiumDriver.<init>(AppiumDriver.java:84)
	at io.appium.java_client.android.AndroidDriver.<init>(AndroidDriver.java:85)
	at com.kms.katalon.core.appium.driver.SwipeableAndroidDriver.<init>(SwipeableAndroidDriver.java:23)
	at com.kms.katalon.core.appium.driver.AppiumDriverManager.createMobileDriver(AppiumDriverManager.java:560)
	at com.kms.katalon.core.appium.driver.AppiumDriverManager.createMobileDriver(AppiumDriverManager.java:542)
	at com.kms.katalon.core.mobile.keyword.internal.MobileDriverFactory.startLocalMobileDriver(MobileDriverFactory.java:589)
	at com.kms.katalon.core.mobile.keyword.internal.MobileDriverFactory.startMobileDriver(MobileDriverFactory.java:502)
	at com.kms.katalon.core.mobile.keyword.builtin.StartApplicationKeyword$_startApplication_closure1.doCall(StartApplicationKeyword.groovy:61)
	at com.kms.katalon.core.mobile.keyword.builtin.StartApplicationKeyword$_startApplication_closure1.call(StartApplicationKeyword.groovy)
	at com.kms.katalon.core.mobile.keyword.internal.MobileKeywordMain.runKeyword(MobileKeywordMain.groovy:19)
	at com.kms.katalon.core.mobile.keyword.builtin.StartApplicationKeyword.startApplication(StartApplicationKeyword.groovy:63)
	at com.kms.katalon.core.mobile.keyword.builtin.StartApplicationKeyword.execute(StartApplicationKeyword.groovy:42)
	at com.kms.katalon.core.keyword.internal.KeywordExecutor.executeKeywordForPlatform(KeywordExecutor.groovy:74)
	at com.kms.katalon.core.mobile.keyword.MobileBuiltInKeywords.startApplication(MobileBuiltInKeywords.groovy:78)
	at Login - Berhasil.run(Login - Berhasil:20)
	... 15 more]]></system-err>
   </testsuite>
</testsuites>
